Runnng on ccc0390.campuscluster.illinois.edu
Sat Dec  7 20:10:16 2024       
+-----------------------------------------------------------------------------------------+
| NVIDIA-SMI 550.90.07              Driver Version: 550.90.07      CUDA Version: 12.4     |
|-----------------------------------------+------------------------+----------------------+
| GPU  Name                 Persistence-M | Bus-Id          Disp.A | Volatile Uncorr. ECC |
| Fan  Temp   Perf          Pwr:Usage/Cap |           Memory-Usage | GPU-Util  Compute M. |
|                                         |                        |               MIG M. |
|=========================================+========================+======================|
|   0  NVIDIA A100-SXM4-80GB          Off |   00000000:41:00.0 Off |                    0 |
| N/A   23C    P0             59W /  500W |       1MiB /  81920MiB |     26%      Default |
|                                         |                        |             Disabled |
+-----------------------------------------+------------------------+----------------------+
                                                                                         
+-----------------------------------------------------------------------------------------+
| Processes:                                                                              |
|  GPU   GI   CI        PID   Type   Process name                              GPU Memory |
|        ID   ID                                                               Usage      |
|=========================================================================================|
|  No running processes found                                                             |
+-----------------------------------------------------------------------------------------+
2024-12-07 20:10:51: INFO train_mnist.py:73] Number of parameters in ScoreNet: 34518081
2024-12-07 20:11:45: INFO train_mnist.py:52]       loss [0000200]: 0.072891
2024-12-07 20:12:07: INFO train_mnist.py:52]       loss [0000400]: 0.033022
2024-12-07 20:12:29: INFO train_mnist.py:52]       loss [0000600]: 0.029235
2024-12-07 20:12:51: INFO train_mnist.py:52]       loss [0000800]: 0.025784
2024-12-07 20:13:13: INFO train_mnist.py:52]       loss [0001000]: 0.024202
2024-12-07 20:13:34: INFO train_mnist.py:52]       loss [0001200]: 0.023068
2024-12-07 20:13:56: INFO train_mnist.py:52]       loss [0001400]: 0.022196
