Runnng on ccc0390.campuscluster.illinois.edu
Thu Dec  5 23:23:05 2024       
+-----------------------------------------------------------------------------------------+
| NVIDIA-SMI 550.90.07              Driver Version: 550.90.07      CUDA Version: 12.4     |
|-----------------------------------------+------------------------+----------------------+
| GPU  Name                 Persistence-M | Bus-Id          Disp.A | Volatile Uncorr. ECC |
| Fan  Temp   Perf          Pwr:Usage/Cap |           Memory-Usage | GPU-Util  Compute M. |
|                                         |                        |               MIG M. |
|=========================================+========================+======================|
|   0  NVIDIA A100-SXM4-80GB          Off |   00000000:01:00.0 Off |                    0 |
| N/A   31C    P0             65W /  500W |       1MiB /  81920MiB |     26%      Default |
|                                         |                        |             Disabled |
+-----------------------------------------+------------------------+----------------------+
                                                                                         
+-----------------------------------------------------------------------------------------+
| Processes:                                                                              |
|  GPU   GI   CI        PID   Type   Process name                              GPU Memory |
|        ID   ID                                                               Usage      |
|=========================================================================================|
|  No running processes found                                                             |
+-----------------------------------------------------------------------------------------+
2024-12-05 23:23:09: INFO train_mnist.py:72] Number of parameters in ScoreNet: 34489347
2024-12-05 23:23:37: INFO train_mnist.py:51]       loss [0000200]: 0.294891
2024-12-05 23:23:45: INFO train_mnist.py:51]       loss [0000400]: 0.269243
2024-12-05 23:23:54: INFO train_mnist.py:51]       loss [0000600]: 0.266317
2024-12-05 23:24:02: INFO train_mnist.py:51]       loss [0000800]: 0.264218
2024-12-05 23:24:11: INFO train_mnist.py:51]       loss [0001000]: 0.263191
2024-12-05 23:24:19: INFO train_mnist.py:51]       loss [0001200]: 0.262496
2024-12-05 23:24:28: INFO train_mnist.py:51]       loss [0001400]: 0.261939
