Runnng on ccc0390.campuscluster.illinois.edu
Thu Dec  5 22:45:51 2024       
+-----------------------------------------------------------------------------------------+
| NVIDIA-SMI 550.90.07              Driver Version: 550.90.07      CUDA Version: 12.4     |
|-----------------------------------------+------------------------+----------------------+
| GPU  Name                 Persistence-M | Bus-Id          Disp.A | Volatile Uncorr. ECC |
| Fan  Temp   Perf          Pwr:Usage/Cap |           Memory-Usage | GPU-Util  Compute M. |
|                                         |                        |               MIG M. |
|=========================================+========================+======================|
|   0  NVIDIA A100-SXM4-80GB          Off |   00000000:01:00.0 Off |                    0 |
| N/A   33C    P0             67W /  500W |       1MiB /  81920MiB |     20%      Default |
|                                         |                        |             Disabled |
+-----------------------------------------+------------------------+----------------------+
                                                                                         
+-----------------------------------------------------------------------------------------+
| Processes:                                                                              |
|  GPU   GI   CI        PID   Type   Process name                              GPU Memory |
|        ID   ID                                                               Usage      |
|=========================================================================================|
|  No running processes found                                                             |
+-----------------------------------------------------------------------------------------+
2024-12-05 22:45:55: INFO train_mnist.py:72] Number of parameters in ScoreNet: 31340865
2024-12-05 22:46:21: INFO train_mnist.py:51]       loss [0000200]: 0.345880
2024-12-05 22:46:28: INFO train_mnist.py:51]       loss [0000400]: 0.300475
2024-12-05 22:46:35: INFO train_mnist.py:51]       loss [0000600]: 0.284103
2024-12-05 22:46:42: INFO train_mnist.py:51]       loss [0000800]: 0.274545
2024-12-05 22:46:49: INFO train_mnist.py:51]       loss [0001000]: 0.269929
2024-12-05 22:46:56: INFO train_mnist.py:51]       loss [0001200]: 0.267098
2024-12-05 22:47:03: INFO train_mnist.py:51]       loss [0001400]: 0.265644
