Runnng on ccc0387.campuscluster.illinois.edu
Thu Dec  5 22:19:44 2024       
+-----------------------------------------------------------------------------------------+
| NVIDIA-SMI 550.90.07              Driver Version: 550.90.07      CUDA Version: 12.4     |
|-----------------------------------------+------------------------+----------------------+
| GPU  Name                 Persistence-M | Bus-Id          Disp.A | Volatile Uncorr. ECC |
| Fan  Temp   Perf          Pwr:Usage/Cap |           Memory-Usage | GPU-Util  Compute M. |
|                                         |                        |               MIG M. |
|=========================================+========================+======================|
|   0  NVIDIA A100-SXM4-80GB          Off |   00000000:C1:00.0 Off |                    0 |
| N/A   28C    P0             65W /  500W |       1MiB /  81920MiB |     27%      Default |
|                                         |                        |             Disabled |
+-----------------------------------------+------------------------+----------------------+
                                                                                         
+-----------------------------------------------------------------------------------------+
| Processes:                                                                              |
|  GPU   GI   CI        PID   Type   Process name                              GPU Memory |
|        ID   ID                                                               Usage      |
|=========================================================================================|
|  No running processes found                                                             |
+-----------------------------------------------------------------------------------------+
2024-12-05 22:19:51: INFO train_mnist.py:72] Number of parameters in ScoreNet: 300560
2024-12-05 22:20:22: INFO train_mnist.py:51]       loss [0000200]: 0.500456
2024-12-05 22:20:26: INFO train_mnist.py:51]       loss [0000400]: 0.498833
2024-12-05 22:20:30: INFO train_mnist.py:51]       loss [0000600]: 0.497224
2024-12-05 22:20:34: INFO train_mnist.py:51]       loss [0000800]: 0.495957
2024-12-05 22:20:37: INFO train_mnist.py:51]       loss [0001000]: 0.495262
2024-12-05 22:20:41: INFO train_mnist.py:51]       loss [0001200]: 0.495033
2024-12-05 22:20:45: INFO train_mnist.py:51]       loss [0001400]: 0.494954
