Runnng on ccc0390.campuscluster.illinois.edu
Thu Dec  5 23:16:47 2024       
+-----------------------------------------------------------------------------------------+
| NVIDIA-SMI 550.90.07              Driver Version: 550.90.07      CUDA Version: 12.4     |
|-----------------------------------------+------------------------+----------------------+
| GPU  Name                 Persistence-M | Bus-Id          Disp.A | Volatile Uncorr. ECC |
| Fan  Temp   Perf          Pwr:Usage/Cap |           Memory-Usage | GPU-Util  Compute M. |
|                                         |                        |               MIG M. |
|=========================================+========================+======================|
|   0  NVIDIA A100-SXM4-80GB          Off |   00000000:01:00.0 Off |                    0 |
| N/A   30C    P0             65W /  500W |       1MiB /  81920MiB |     26%      Default |
|                                         |                        |             Disabled |
+-----------------------------------------+------------------------+----------------------+
                                                                                         
+-----------------------------------------------------------------------------------------+
| Processes:                                                                              |
|  GPU   GI   CI        PID   Type   Process name                              GPU Memory |
|        ID   ID                                                               Usage      |
|=========================================================================================|
|  No running processes found                                                             |
+-----------------------------------------------------------------------------------------+
2024-12-05 23:16:55: INFO train_mnist.py:72] Number of parameters in ScoreNet: 31353027
2024-12-05 23:17:22: INFO train_mnist.py:51]       loss [0000200]: 0.294872
2024-12-05 23:17:30: INFO train_mnist.py:51]       loss [0000400]: 0.270667
2024-12-05 23:17:38: INFO train_mnist.py:51]       loss [0000600]: 0.267521
2024-12-05 23:17:46: INFO train_mnist.py:51]       loss [0000800]: 0.265237
2024-12-05 23:17:53: INFO train_mnist.py:51]       loss [0001000]: 0.264191
2024-12-05 23:18:01: INFO train_mnist.py:51]       loss [0001200]: 0.263141
2024-12-05 23:18:09: INFO train_mnist.py:51]       loss [0001400]: 0.262608
