Runnng on ccc0390.campuscluster.illinois.edu
Thu Dec  5 22:49:48 2024       
+-----------------------------------------------------------------------------------------+
| NVIDIA-SMI 550.90.07              Driver Version: 550.90.07      CUDA Version: 12.4     |
|-----------------------------------------+------------------------+----------------------+
| GPU  Name                 Persistence-M | Bus-Id          Disp.A | Volatile Uncorr. ECC |
| Fan  Temp   Perf          Pwr:Usage/Cap |           Memory-Usage | GPU-Util  Compute M. |
|                                         |                        |               MIG M. |
|=========================================+========================+======================|
|   0  NVIDIA A100-SXM4-80GB          Off |   00000000:01:00.0 Off |                    0 |
| N/A   31C    P0             65W /  500W |       1MiB /  81920MiB |     26%      Default |
|                                         |                        |             Disabled |
+-----------------------------------------+------------------------+----------------------+
                                                                                         
+-----------------------------------------------------------------------------------------+
| Processes:                                                                              |
|  GPU   GI   CI        PID   Type   Process name                              GPU Memory |
|        ID   ID                                                               Usage      |
|=========================================================================================|
|  No running processes found                                                             |
+-----------------------------------------------------------------------------------------+
2024-12-05 22:49:53: INFO train_mnist.py:72] Number of parameters in ScoreNet: 31341377
2024-12-05 22:50:19: INFO train_mnist.py:51]       loss [0000200]: 0.340027
2024-12-05 22:50:26: INFO train_mnist.py:51]       loss [0000400]: 0.282932
2024-12-05 22:50:33: INFO train_mnist.py:51]       loss [0000600]: 0.272827
2024-12-05 22:50:40: INFO train_mnist.py:51]       loss [0000800]: 0.268909
2024-12-05 22:50:47: INFO train_mnist.py:51]       loss [0001000]: 0.266981
2024-12-05 22:50:55: INFO train_mnist.py:51]       loss [0001200]: 0.265427
2024-12-05 22:51:02: INFO train_mnist.py:51]       loss [0001400]: 0.264545
