Runnng on ccc0387.campuscluster.illinois.edu
Sat Dec  7 18:47:34 2024       
+-----------------------------------------------------------------------------------------+
| NVIDIA-SMI 550.90.07              Driver Version: 550.90.07      CUDA Version: 12.4     |
|-----------------------------------------+------------------------+----------------------+
| GPU  Name                 Persistence-M | Bus-Id          Disp.A | Volatile Uncorr. ECC |
| Fan  Temp   Perf          Pwr:Usage/Cap |           Memory-Usage | GPU-Util  Compute M. |
|                                         |                        |               MIG M. |
|=========================================+========================+======================|
|   0  NVIDIA A100-SXM4-80GB          Off |   00000000:41:00.0 Off |                    0 |
| N/A   25C    P0             62W /  500W |       1MiB /  81920MiB |     26%      Default |
|                                         |                        |             Disabled |
+-----------------------------------------+------------------------+----------------------+
                                                                                         
+-----------------------------------------------------------------------------------------+
| Processes:                                                                              |
|  GPU   GI   CI        PID   Type   Process name                              GPU Memory |
|        ID   ID                                                               Usage      |
|=========================================================================================|
|  No running processes found                                                             |
+-----------------------------------------------------------------------------------------+
2024-12-07 18:47:41: INFO train_mnist.py:73] Number of parameters in ScoreNet: 34526403
2024-12-07 18:48:21: INFO train_mnist.py:52]       loss [0000200]: 0.290053
2024-12-07 18:48:46: INFO train_mnist.py:52]       loss [0000400]: 0.267970
2024-12-07 18:49:12: INFO train_mnist.py:52]       loss [0000600]: 0.265030
2024-12-07 18:49:37: INFO train_mnist.py:52]       loss [0000800]: 0.263281
2024-12-07 18:50:03: INFO train_mnist.py:52]       loss [0001000]: 0.262316
2024-12-07 18:50:28: INFO train_mnist.py:52]       loss [0001200]: 0.261489
2024-12-07 18:50:54: INFO train_mnist.py:52]       loss [0001400]: 0.261062
