Runnng on ccc0387.campuscluster.illinois.edu
Sat Dec  7 01:38:59 2024       
+-----------------------------------------------------------------------------------------+
| NVIDIA-SMI 550.90.07              Driver Version: 550.90.07      CUDA Version: 12.4     |
|-----------------------------------------+------------------------+----------------------+
| GPU  Name                 Persistence-M | Bus-Id          Disp.A | Volatile Uncorr. ECC |
| Fan  Temp   Perf          Pwr:Usage/Cap |           Memory-Usage | GPU-Util  Compute M. |
|                                         |                        |               MIG M. |
|=========================================+========================+======================|
|   0  NVIDIA A100-SXM4-80GB          Off |   00000000:C1:00.0 Off |                    0 |
| N/A   26C    P0             65W /  500W |       1MiB /  81920MiB |     26%      Default |
|                                         |                        |             Disabled |
+-----------------------------------------+------------------------+----------------------+
                                                                                         
+-----------------------------------------------------------------------------------------+
| Processes:                                                                              |
|  GPU   GI   CI        PID   Type   Process name                              GPU Memory |
|        ID   ID                                                               Usage      |
|=========================================================================================|
|  No running processes found                                                             |
+-----------------------------------------------------------------------------------------+
2024-12-07 01:39:11: INFO train_mnist.py:72] Number of parameters in ScoreNet: 34526403
2024-12-07 01:40:00: INFO train_mnist.py:51]       loss [0000200]: 0.290076
2024-12-07 01:40:26: INFO train_mnist.py:51]       loss [0000400]: 0.267982
2024-12-07 01:40:52: INFO train_mnist.py:51]       loss [0000600]: 0.265045
2024-12-07 01:41:18: INFO train_mnist.py:51]       loss [0000800]: 0.263281
2024-12-07 01:41:44: INFO train_mnist.py:51]       loss [0001000]: 0.262302
2024-12-07 01:42:10: INFO train_mnist.py:51]       loss [0001200]: 0.261452
2024-12-07 01:42:36: INFO train_mnist.py:51]       loss [0001400]: 0.261017
