Runnng on ccc0389.campuscluster.illinois.edu
Thu Dec  5 20:59:05 2024       
+-----------------------------------------------------------------------------------------+
| NVIDIA-SMI 550.90.07              Driver Version: 550.90.07      CUDA Version: 12.4     |
|-----------------------------------------+------------------------+----------------------+
| GPU  Name                 Persistence-M | Bus-Id          Disp.A | Volatile Uncorr. ECC |
| Fan  Temp   Perf          Pwr:Usage/Cap |           Memory-Usage | GPU-Util  Compute M. |
|                                         |                        |               MIG M. |
|=========================================+========================+======================|
|   0  NVIDIA A100-SXM4-80GB          Off |   00000000:81:00.0 Off |                    0 |
| N/A   33C    P0             68W /  500W |       1MiB /  81920MiB |     26%      Default |
|                                         |                        |             Disabled |
+-----------------------------------------+------------------------+----------------------+
                                                                                         
+-----------------------------------------------------------------------------------------+
| Processes:                                                                              |
|  GPU   GI   CI        PID   Type   Process name                              GPU Memory |
|        ID   ID                                                               Usage      |
|=========================================================================================|
|  No running processes found                                                             |
+-----------------------------------------------------------------------------------------+
2024-12-05 20:59:13: INFO train_mnist.py:72] Number of parameters in ScoreNet: 34512193
2024-12-05 20:59:48: INFO train_mnist.py:51]       loss [0000200]: 0.343554
2024-12-05 20:59:54: INFO train_mnist.py:51]       loss [0000400]: 0.275050
2024-12-05 21:00:00: INFO train_mnist.py:51]       loss [0000600]: 0.270119
2024-12-05 21:00:06: INFO train_mnist.py:51]       loss [0000800]: 0.268176
2024-12-05 21:00:12: INFO train_mnist.py:51]       loss [0001000]: 0.267300
2024-12-05 21:00:18: INFO train_mnist.py:51]       loss [0001200]: 0.266411
2024-12-05 21:00:23: INFO train_mnist.py:51]       loss [0001400]: 0.265672
