Runnng on ccc0388.campuscluster.illinois.edu
Thu Dec  5 23:09:39 2024       
+-----------------------------------------------------------------------------------------+
| NVIDIA-SMI 550.90.07              Driver Version: 550.90.07      CUDA Version: 12.4     |
|-----------------------------------------+------------------------+----------------------+
| GPU  Name                 Persistence-M | Bus-Id          Disp.A | Volatile Uncorr. ECC |
| Fan  Temp   Perf          Pwr:Usage/Cap |           Memory-Usage | GPU-Util  Compute M. |
|                                         |                        |               MIG M. |
|=========================================+========================+======================|
|   0  NVIDIA A100-SXM4-80GB          Off |   00000000:C1:00.0 Off |                    0 |
| N/A   24C    P0             61W /  500W |       1MiB /  81920MiB |     21%      Default |
|                                         |                        |             Disabled |
+-----------------------------------------+------------------------+----------------------+
                                                                                         
+-----------------------------------------------------------------------------------------+
| Processes:                                                                              |
|  GPU   GI   CI        PID   Type   Process name                              GPU Memory |
|        ID   ID                                                               Usage      |
|=========================================================================================|
|  No running processes found                                                             |
+-----------------------------------------------------------------------------------------+
2024-12-05 23:09:43: INFO train_mnist.py:72] Number of parameters in ScoreNet: 31353027
2024-12-05 23:10:18: INFO train_mnist.py:51]       loss [0000200]: 0.295322
2024-12-05 23:10:26: INFO train_mnist.py:51]       loss [0000400]: 0.270244
2024-12-05 23:10:34: INFO train_mnist.py:51]       loss [0000600]: 0.267497
2024-12-05 23:10:41: INFO train_mnist.py:51]       loss [0000800]: 0.265224
2024-12-05 23:10:49: INFO train_mnist.py:51]       loss [0001000]: 0.264063
2024-12-05 23:10:57: INFO train_mnist.py:51]       loss [0001200]: 0.262970
2024-12-05 23:11:04: INFO train_mnist.py:51]       loss [0001400]: 0.262550
