Runnng on ccc0388.campuscluster.illinois.edu
Thu Dec  5 21:49:38 2024       
+-----------------------------------------------------------------------------------------+
| NVIDIA-SMI 550.90.07              Driver Version: 550.90.07      CUDA Version: 12.4     |
|-----------------------------------------+------------------------+----------------------+
| GPU  Name                 Persistence-M | Bus-Id          Disp.A | Volatile Uncorr. ECC |
| Fan  Temp   Perf          Pwr:Usage/Cap |           Memory-Usage | GPU-Util  Compute M. |
|                                         |                        |               MIG M. |
|=========================================+========================+======================|
|   0  NVIDIA A100-SXM4-80GB          Off |   00000000:C1:00.0 Off |                    0 |
| N/A   25C    P0             60W /  500W |       1MiB /  81920MiB |     27%      Default |
|                                         |                        |             Disabled |
+-----------------------------------------+------------------------+----------------------+
                                                                                         
+-----------------------------------------------------------------------------------------+
| Processes:                                                                              |
|  GPU   GI   CI        PID   Type   Process name                              GPU Memory |
|        ID   ID                                                               Usage      |
|=========================================================================================|
|  No running processes found                                                             |
+-----------------------------------------------------------------------------------------+
2024-12-05 21:49:43: INFO train_mnist.py:72] Number of parameters in ScoreNet: 34512193
2024-12-05 21:50:17: INFO train_mnist.py:51]       loss [0000200]: 0.286281
2024-12-05 21:50:23: INFO train_mnist.py:51]       loss [0000400]: 0.265684
2024-12-05 21:50:29: INFO train_mnist.py:51]       loss [0000600]: 0.263176
2024-12-05 21:50:35: INFO train_mnist.py:51]       loss [0000800]: 0.262087
2024-12-05 21:50:42: INFO train_mnist.py:51]       loss [0001000]: 0.261444
2024-12-05 21:50:48: INFO train_mnist.py:51]       loss [0001200]: 0.261009
2024-12-05 21:50:54: INFO train_mnist.py:51]       loss [0001400]: 0.260855
2024-12-05 21:51:00: INFO train_mnist.py:51]       loss [0001600]: 0.260737
2024-12-05 21:51:06: INFO train_mnist.py:51]       loss [0001800]: 0.260518
2024-12-05 21:51:13: INFO train_mnist.py:51]       loss [0002000]: 0.260354
2024-12-05 21:51:19: INFO train_mnist.py:51]       loss [0002200]: 0.260317
2024-12-05 21:51:25: INFO train_mnist.py:51]       loss [0002400]: 0.259781
2024-12-05 21:51:31: INFO train_mnist.py:51]       loss [0002600]: 0.259705
2024-12-05 21:51:37: INFO train_mnist.py:51]       loss [0002800]: 0.260058
2024-12-05 21:51:43: INFO train_mnist.py:51]       loss [0003000]: 0.259564
2024-12-05 21:51:49: INFO train_mnist.py:51]       loss [0003200]: 0.259635
2024-12-05 21:51:55: INFO train_mnist.py:51]       loss [0003400]: 0.259837
2024-12-05 21:52:01: INFO train_mnist.py:51]       loss [0003600]: 0.259466
2024-12-05 21:52:07: INFO train_mnist.py:51]       loss [0003800]: 0.259490
2024-12-05 21:52:13: INFO train_mnist.py:51]       loss [0004000]: 0.259447
2024-12-05 21:52:19: INFO train_mnist.py:51]       loss [0004200]: 0.259612
2024-12-05 21:52:26: INFO train_mnist.py:51]       loss [0004400]: 0.259592
2024-12-05 21:52:32: INFO train_mnist.py:51]       loss [0004600]: 0.259079
2024-12-05 21:52:38: INFO train_mnist.py:51]       loss [0004800]: 0.259442
2024-12-05 21:52:44: INFO train_mnist.py:51]       loss [0005000]: 0.259134
2024-12-05 21:52:50: INFO train_mnist.py:51]       loss [0005200]: 0.259169
2024-12-05 21:52:56: INFO train_mnist.py:51]       loss [0005400]: 0.259058
2024-12-05 21:53:02: INFO train_mnist.py:51]       loss [0005600]: 0.259145
2024-12-05 21:53:08: INFO train_mnist.py:51]       loss [0005800]: 0.259199
2024-12-05 21:53:14: INFO train_mnist.py:51]       loss [0006000]: 0.259014
2024-12-05 21:53:20: INFO train_mnist.py:51]       loss [0006200]: 0.258904
2024-12-05 21:53:26: INFO train_mnist.py:51]       loss [0006400]: 0.259274
2024-12-05 21:53:32: INFO train_mnist.py:51]       loss [0006600]: 0.258970
2024-12-05 21:53:38: INFO train_mnist.py:51]       loss [0006800]: 0.258831
2024-12-05 21:53:44: INFO train_mnist.py:51]       loss [0007000]: 0.258881
2024-12-05 21:53:50: INFO train_mnist.py:51]       loss [0007200]: 0.259059
2024-12-05 21:53:56: INFO train_mnist.py:51]       loss [0007400]: 0.258928
2024-12-05 21:54:02: INFO train_mnist.py:51]       loss [0007600]: 0.258867
2024-12-05 21:54:08: INFO train_mnist.py:51]       loss [0007800]: 0.258915
2024-12-05 21:54:14: INFO train_mnist.py:51]       loss [0008000]: 0.259037
2024-12-05 21:54:20: INFO train_mnist.py:51]       loss [0008200]: 0.259009
2024-12-05 21:54:27: INFO train_mnist.py:51]       loss [0008400]: 0.258818
2024-12-05 21:54:33: INFO train_mnist.py:51]       loss [0008600]: 0.258455
2024-12-05 21:54:39: INFO train_mnist.py:51]       loss [0008800]: 0.258789
2024-12-05 21:54:45: INFO train_mnist.py:51]       loss [0009000]: 0.258713
2024-12-05 21:54:51: INFO train_mnist.py:51]       loss [0009200]: 0.258787
2024-12-05 21:54:57: INFO train_mnist.py:51]       loss [0009400]: 0.258723
2024-12-05 21:55:03: INFO train_mnist.py:51]       loss [0009600]: 0.258689
2024-12-05 21:55:09: INFO train_mnist.py:51]       loss [0009800]: 0.258606
2024-12-05 21:55:15: INFO train_mnist.py:51]       loss [0010000]: 0.258678
2024-12-05 21:55:21: INFO train_mnist.py:51]       loss [0010200]: 0.258719
2024-12-05 21:55:27: INFO train_mnist.py:51]       loss [0010400]: 0.258413
2024-12-05 21:55:33: INFO train_mnist.py:51]       loss [0010600]: 0.258595
2024-12-05 21:55:39: INFO train_mnist.py:51]       loss [0010800]: 0.258552
2024-12-05 21:55:45: INFO train_mnist.py:51]       loss [0011000]: 0.258791
2024-12-05 21:55:51: INFO train_mnist.py:51]       loss [0011200]: 0.258467
2024-12-05 21:55:57: INFO train_mnist.py:51]       loss [0011400]: 0.258678
2024-12-05 21:56:03: INFO train_mnist.py:51]       loss [0011600]: 0.258639
2024-12-05 21:56:09: INFO train_mnist.py:51]       loss [0011800]: 0.258503
2024-12-05 21:56:15: INFO train_mnist.py:51]       loss [0012000]: 0.258816
2024-12-05 21:56:22: INFO train_mnist.py:51]       loss [0012200]: 0.258645
2024-12-05 21:56:28: INFO train_mnist.py:51]       loss [0012400]: 0.258582
2024-12-05 21:56:34: INFO train_mnist.py:51]       loss [0012600]: 0.258540
2024-12-05 21:56:40: INFO train_mnist.py:51]       loss [0012800]: 0.258537
2024-12-05 21:56:46: INFO train_mnist.py:51]       loss [0013000]: 0.258391
2024-12-05 21:56:52: INFO train_mnist.py:51]       loss [0013200]: 0.258687
2024-12-05 21:56:58: INFO train_mnist.py:51]       loss [0013400]: 0.258434
2024-12-05 21:57:04: INFO train_mnist.py:51]       loss [0013600]: 0.258584
2024-12-05 21:57:10: INFO train_mnist.py:51]       loss [0013800]: 0.258323
2024-12-05 21:57:16: INFO train_mnist.py:51]       loss [0014000]: 0.258473
