Runnng on ccc0387.campuscluster.illinois.edu
Sat Dec  7 17:24:26 2024       
+-----------------------------------------------------------------------------------------+
| NVIDIA-SMI 550.90.07              Driver Version: 550.90.07      CUDA Version: 12.4     |
|-----------------------------------------+------------------------+----------------------+
| GPU  Name                 Persistence-M | Bus-Id          Disp.A | Volatile Uncorr. ECC |
| Fan  Temp   Perf          Pwr:Usage/Cap |           Memory-Usage | GPU-Util  Compute M. |
|                                         |                        |               MIG M. |
|=========================================+========================+======================|
|   0  NVIDIA A100-SXM4-80GB          Off |   00000000:41:00.0 Off |                    0 |
| N/A   25C    P0             61W /  500W |       1MiB /  81920MiB |     26%      Default |
|                                         |                        |             Disabled |
+-----------------------------------------+------------------------+----------------------+
                                                                                         
+-----------------------------------------------------------------------------------------+
| Processes:                                                                              |
|  GPU   GI   CI        PID   Type   Process name                              GPU Memory |
|        ID   ID                                                               Usage      |
|=========================================================================================|
|  No running processes found                                                             |
+-----------------------------------------------------------------------------------------+
2024-12-07 17:24:59: INFO train_mnist.py:74] Number of parameters in ScoreNet: 34526403
2024-12-07 17:25:43: INFO train_mnist.py:53]       loss [0000200]: 0.289952
2024-12-07 17:26:09: INFO train_mnist.py:53]       loss [0000400]: 0.267919
2024-12-07 17:26:35: INFO train_mnist.py:53]       loss [0000600]: 0.264989
2024-12-07 17:27:00: INFO train_mnist.py:53]       loss [0000800]: 0.263257
2024-12-07 17:27:26: INFO train_mnist.py:53]       loss [0001000]: 0.262288
2024-12-07 17:27:51: INFO train_mnist.py:53]       loss [0001200]: 0.261461
2024-12-07 17:28:17: INFO train_mnist.py:53]       loss [0001400]: 0.261030
